2023-03-08 11:27:54.442 INFO  c.I.I.InstituteManagementSystemApplication - Starting InstituteManagementSystemApplication using Java 17.0.2 with PID 10248 (C:\Users\LAP-10\Documents\InstituteManagementSystem\target\classes started by LAP-10 in C:\Users\LAP-10\Documents\InstituteManagementSystem)
2023-03-08 11:27:54.451 INFO  c.I.I.InstituteManagementSystemApplication - No active profile set, falling back to 1 default profile: "default"
2023-03-08 11:27:55.801 INFO  o.s.b.w.e.tomcat.TomcatWebServer - Tomcat initialized with port(s): 8080 (http)
2023-03-08 11:27:55.814 INFO  o.a.coyote.http11.Http11NioProtocol - Initializing ProtocolHandler ["http-nio-8080"]
2023-03-08 11:27:55.815 INFO  o.a.catalina.core.StandardService - Starting service [Tomcat]
2023-03-08 11:27:55.816 INFO  o.a.catalina.core.StandardEngine - Starting Servlet engine: [Apache Tomcat/10.1.5]
2023-03-08 11:27:55.928 INFO  o.a.c.c.C.[Tomcat].[localhost].[/] - Initializing Spring embedded WebApplicationContext
2023-03-08 11:27:55.929 INFO  o.s.b.w.s.c.ServletWebServerApplicationContext - Root WebApplicationContext: initialization completed in 1402 ms
2023-03-08 11:27:56.927 INFO  o.a.coyote.http11.Http11NioProtocol - Starting ProtocolHandler ["http-nio-8080"]
2023-03-08 11:27:56.961 INFO  o.s.b.w.e.tomcat.TomcatWebServer - Tomcat started on port(s): 8080 (http) with context path ''
2023-03-08 11:27:56.970 INFO  c.I.I.InstituteManagementSystemApplication - Started InstituteManagementSystemApplication in 2.96 seconds (process running for 3.582)
2023-03-08 11:28:41.012 INFO  o.s.t.c.s.AnnotationConfigContextLoaderUtils - Could not detect default configuration classes for test class [com.InstituteManagementSystem.InstituteManagementSystem.InstituteManagementSystemApplicationTests]: InstituteManagementSystemApplicationTests does not declare any static, non-private, non-final, nested classes annotated with @Configuration.
2023-03-08 11:28:41.103 INFO  o.s.b.t.c.SpringBootTestContextBootstrapper - Found @SpringBootConfiguration com.InstituteManagementSystem.InstituteManagementSystem.InstituteManagementSystemApplication for test class com.InstituteManagementSystem.InstituteManagementSystem.InstituteManagementSystemApplicationTests
2023-03-08 11:28:41.489 INFO  c.I.I.InstituteManagementSystemApplicationTests - Starting InstituteManagementSystemApplicationTests using Java 17.0.2 with PID 10300 (started by LAP-10 in C:\Users\LAP-10\Documents\InstituteManagementSystem)
2023-03-08 11:28:41.492 INFO  c.I.I.InstituteManagementSystemApplicationTests - No active profile set, falling back to 1 default profile: "default"
2023-03-08 11:28:44.203 INFO  c.I.I.InstituteManagementSystemApplicationTests - Started InstituteManagementSystemApplicationTests in 2.919 seconds (process running for 4.027)
2023-03-08 11:29:30.801 INFO  o.a.c.c.C.[Tomcat].[localhost].[/] - Initializing Spring DispatcherServlet 'dispatcherServlet'
2023-03-08 11:29:30.815 INFO  o.s.web.servlet.DispatcherServlet - Initializing Servlet 'dispatcherServlet'
2023-03-08 11:29:30.849 INFO  o.s.web.servlet.DispatcherServlet - Completed initialization in 32 ms
2023-03-08 11:29:32.422 INFO  o.s.api.AbstractOpenApiResource - Init duration for springdoc-openapi is: 701 ms
2023-03-08 11:37:05.039 INFO  c.I.I.Service.StudentService - Created student with id: 1
2023-03-08 11:37:21.410 INFO  c.I.I.Service.StudentService - Created student with id: 2
2023-03-08 11:37:43.479 INFO  c.I.I.Service.StudentService - Created student with id: 3
2023-03-08 11:37:49.316 INFO  c.I.I.Service.StudentService - Getting all student
2023-03-08 11:38:49.426 INFO  c.I.I.Service.TeacherService - Created Teacher with id: 1
2023-03-08 11:39:52.623 INFO  c.I.I.Service.TeacherService - Created Teacher with id: 2
2023-03-08 11:40:07.530 INFO  c.I.I.Service.TeacherService - Created Teacher with id: 3
2023-03-08 11:40:16.103 INFO  c.I.I.Service.TeacherService - Getting all Teacher
